mode: set
cloud-clips/internal/tests/mock_interfaces.go:33.77,37.2 3 1
cloud-clips/internal/tests/mock_interfaces.go:40.75,42.2 1 1
cloud-clips/internal/tests/mock_interfaces.go:45.89,50.2 4 1
cloud-clips/internal/tests/mock_interfaces.go:53.93,56.2 2 1
cloud-clips/internal/tests/mock_interfaces.go:59.89,64.2 4 0
cloud-clips/internal/tests/mock_interfaces.go:67.91,70.2 2 0
cloud-clips/internal/tests/mock_interfaces.go:73.68,78.2 4 1
cloud-clips/internal/tests/mock_interfaces.go:81.79,84.2 2 1
cloud-clips/internal/tests/mock_interfaces.go:87.70,92.2 4 0
cloud-clips/internal/tests/mock_interfaces.go:95.84,98.2 2 0
cloud-clips/internal/tests/mock_interfaces.go:101.72,106.2 4 0
cloud-clips/internal/tests/mock_interfaces.go:109.86,112.2 2 0
cloud-clips/internal/tests/mock_interfaces.go:115.63,120.2 4 0
cloud-clips/internal/tests/mock_interfaces.go:123.77,126.2 2 0
cloud-clips/internal/tests/mock_interfaces.go:129.90,135.2 5 0
cloud-clips/internal/tests/mock_interfaces.go:138.81,141.2 2 0
cloud-clips/internal/tests/mock_interfaces.go:144.81,150.2 5 0
cloud-clips/internal/tests/mock_interfaces.go:153.76,156.2 2 0
cloud-clips/internal/tests/mock_interfaces.go:159.105,165.2 5 0
cloud-clips/internal/tests/mock_interfaces.go:168.94,171.2 2 0
cloud-clips/internal/tests/mock_interfaces.go:174.94,180.2 5 0
cloud-clips/internal/tests/mock_interfaces.go:183.83,186.2 2 0
cloud-clips/internal/tests/mock_interfaces.go:189.85,195.2 5 1
cloud-clips/internal/tests/mock_interfaces.go:198.78,201.2 2 1
cloud-clips/internal/tests/mock_interfaces.go:204.76,210.2 5 1
cloud-clips/internal/tests/mock_interfaces.go:213.74,216.2 2 1
cloud-clips/internal/tests/mock_interfaces.go:219.101,225.2 5 0
cloud-clips/internal/tests/mock_interfaces.go:228.90,231.2 2 0
cloud-clips/internal/tests/mock_interfaces.go:234.67,240.2 5 0
cloud-clips/internal/tests/mock_interfaces.go:243.69,246.2 2 0
cloud-clips/internal/tests/mock_interfaces.go:249.105,255.2 5 1
cloud-clips/internal/tests/mock_interfaces.go:258.94,261.2 2 1
cloud-clips/internal/tests/mock_interfaces.go:264.89,269.2 4 0
cloud-clips/internal/tests/mock_interfaces.go:272.93,275.2 2 0
cloud-clips/internal/tests/mock_interfaces.go:278.89,283.2 4 0
cloud-clips/internal/tests/mock_interfaces.go:286.91,289.2 2 0
cloud-clips/internal/tests/mock_interfaces.go:292.68,297.2 4 0
cloud-clips/internal/tests/mock_interfaces.go:300.79,303.2 2 0
cloud-clips/internal/tests/mock_interfaces.go:318.85,322.2 3 1
cloud-clips/internal/tests/mock_interfaces.go:325.83,327.2 1 1
cloud-clips/internal/tests/mock_interfaces.go:330.84,336.2 5 1
cloud-clips/internal/tests/mock_interfaces.go:339.88,342.2 2 1
cloud-clips/internal/tests/mock_interfaces.go:345.86,351.2 5 0
cloud-clips/internal/tests/mock_interfaces.go:354.93,357.2 2 0
cloud-clips/internal/tests/mock_interfaces.go:360.83,366.2 5 1
cloud-clips/internal/tests/mock_interfaces.go:369.87,372.2 2 1
cloud-clips/internal/tests/mock_interfaces.go:387.101,391.2 3 1
cloud-clips/internal/tests/mock_interfaces.go:394.99,396.2 1 1
cloud-clips/internal/tests/mock_interfaces.go:399.101,404.2 4 0
cloud-clips/internal/tests/mock_interfaces.go:407.118,410.2 2 0
cloud-clips/internal/tests/mock_interfaces.go:413.109,418.2 4 1
cloud-clips/internal/tests/mock_interfaces.go:421.116,424.2 2 1
cloud-clips/internal/tests/mock_interfaces.go:427.99,432.2 4 0
cloud-clips/internal/tests/mock_interfaces.go:435.116,438.2 2 0
cloud-clips/internal/tests/mock_interfaces.go:453.91,457.2 3 1
cloud-clips/internal/tests/mock_interfaces.go:460.89,462.2 1 1
cloud-clips/internal/tests/mock_interfaces.go:465.84,470.2 4 0
cloud-clips/internal/tests/mock_interfaces.go:473.101,476.2 2 0
cloud-clips/internal/tests/mock_interfaces.go:479.108,485.2 5 1
cloud-clips/internal/tests/mock_interfaces.go:488.107,491.2 2 1
cloud-clips/internal/tests/mock_interfaces.go:494.77,499.2 4 0
cloud-clips/internal/tests/mock_interfaces.go:502.94,505.2 2 0
